0 info it worked if it ends with ok
1 verbose cli [ 'C:\\Program Files\\nodejs\\node.exe',
1 verbose cli   'C:\\Program Files\\nodejs\\node_modules\\npm\\bin\\npm-cli.js',
1 verbose cli   'publish' ]
2 info using npm@3.10.10
3 info using node@v6.11.0
4 verbose publish [ '.' ]
5 silly cache add args [ '.', null ]
6 verbose cache add spec .
7 silly cache add parsed spec Result {
7 silly cache add   raw: '.',
7 silly cache add   scope: null,
7 silly cache add   escapedName: null,
7 silly cache add   name: null,
7 silly cache add   rawSpec: '.',
7 silly cache add   spec: 'C:\\Users\\vinithadevi.murugan\\greeting_vinitha',
7 silly cache add   type: 'directory' }
8 verbose addLocalDirectory C:\Users\vinithadevi.murugan\AppData\Roaming\npm-cache\greeting_vinitha\1.0.0\package.tgz not in flight; packing
9 verbose correctMkdir C:\Users\vinithadevi.murugan\AppData\Roaming\npm-cache correctMkdir not in flight; initializing
10 info lifecycle greeting_vinitha@1.0.0~prepublish: greeting_vinitha@1.0.0
11 verbose lifecycle greeting_vinitha@1.0.0~prepublish: unsafe-perm in lifecycle true
12 verbose lifecycle greeting_vinitha@1.0.0~prepublish: PATH: C:\Program Files\nodejs\node_modules\npm\bin\node-gyp-bin;C:\Users\vinithadevi.murugan\greeting_vinitha\node_modules\.bin;C:\Windows\system32;C:\Windows;C:\Windows\System32\Wbem;C:\Windows\System32\WindowsPowerShell\v1.0\;C:\Windows\system32\config\systemprofile\.dnx\bin;C:\Program Files\Microsoft DNX\Dnvm\;C:\Program Files (x86)\Windows Kits\8.1\Windows Performance Toolkit\;C:\Program Files\Microsoft SQL Server\120\Tools\Binn\;C:\Program Files\Microsoft SQL Server\130\Tools\Binn\;C:\Program Files\TortoiseSVN\bin;C:\Program Files\Git\cmd;C:\Program Files\TortoiseGit\bin;C:\Program Files\nodejs\;C:\Users\vinithadevi.murugan\AppData\Local\Microsoft\WindowsApps;;C:\Program Files (x86)\Microsoft VS Code\bin;C:\Users\vinithadevi.murugan\AppData\Roaming\npm
13 verbose lifecycle greeting_vinitha@1.0.0~prepublish: CWD: C:\Users\vinithadevi.murugan\greeting_vinitha
14 silly lifecycle greeting_vinitha@1.0.0~prepublish: Args: [ '/d /s /c', 'npm run build' ]
15 silly lifecycle greeting_vinitha@1.0.0~prepublish: Returned: code: 0  signal: null
16 verbose tar pack [ 'C:\\Users\\vinithadevi.murugan\\AppData\\Roaming\\npm-cache\\greeting_vinitha\\1.0.0\\package.tgz',
16 verbose tar pack   'C:\\Users\\vinithadevi.murugan\\greeting_vinitha' ]
17 verbose tarball C:\Users\vinithadevi.murugan\AppData\Roaming\npm-cache\greeting_vinitha\1.0.0\package.tgz
18 verbose folder C:\Users\vinithadevi.murugan\greeting_vinitha
19 verbose addLocalTarball adding from inside cache C:\Users\vinithadevi.murugan\AppData\Roaming\npm-cache\greeting_vinitha\1.0.0\package.tgz
20 verbose correctMkdir C:\Users\vinithadevi.murugan\AppData\Roaming\npm-cache correctMkdir not in flight; initializing
21 silly cache afterAdd greeting_vinitha@1.0.0
22 verbose afterAdd C:\Users\vinithadevi.murugan\AppData\Roaming\npm-cache\greeting_vinitha\1.0.0\package\package.json not in flight; writing
23 verbose correctMkdir C:\Users\vinithadevi.murugan\AppData\Roaming\npm-cache correctMkdir not in flight; initializing
24 verbose afterAdd C:\Users\vinithadevi.murugan\AppData\Roaming\npm-cache\greeting_vinitha\1.0.0\package\package.json written
25 silly publish { name: 'greeting_vinitha',
25 silly publish   version: '1.0.0',
25 silly publish   description: 'This will greet the user',
25 silly publish   main: 'dist/index.js',
25 silly publish   types: 'dist/index.d.ts',
25 silly publish   scripts:
25 silly publish    { prepublish: 'npm run build',
25 silly publish      build: 'tsc',
25 silly publish      test: 'echo "Error: no test specified" && exit 1' },
25 silly publish   keywords: [],
25 silly publish   author: { name: 'vinithamurugan' },
25 silly publish   license: 'ISC',
25 silly publish   devDependencies: { typescript: '^2.4.1' },
25 silly publish   dependencies: { typescript: '^2.4.1' },
25 silly publish   repository:
25 silly publish    { type: 'git',
25 silly publish      url: 'git+https://github.com/vinithadevi-murugan/greeting_vinitha.git' },
25 silly publish   bugs: { url: 'https://github.com/vinithadevi-murugan/greeting_vinitha/issues' },
25 silly publish   homepage: 'https://github.com/vinithadevi-murugan/greeting_vinitha#readme',
25 silly publish   readme: '# greeting_vinitha\r\nThis will greet the user\r\n',
25 silly publish   readmeFilename: 'README.md',
25 silly publish   gitHead: '7a3c534d66334e5c828baccc2cc49a86a00374e4',
25 silly publish   _id: 'greeting_vinitha@1.0.0',
25 silly publish   _shasum: 'f9d803373e5d729594cf1218d010cf827a77eb19',
25 silly publish   _from: '.' }
26 verbose getPublishConfig undefined
27 silly mapToRegistry name greeting_vinitha
28 silly mapToRegistry using default registry
29 silly mapToRegistry registry https://registry.npmjs.org/
30 silly mapToRegistry data Result {
30 silly mapToRegistry   raw: 'greeting_vinitha',
30 silly mapToRegistry   scope: null,
30 silly mapToRegistry   escapedName: 'greeting_vinitha',
30 silly mapToRegistry   name: 'greeting_vinitha',
30 silly mapToRegistry   rawSpec: '',
30 silly mapToRegistry   spec: 'latest',
30 silly mapToRegistry   type: 'tag' }
31 silly mapToRegistry uri https://registry.npmjs.org/greeting_vinitha
32 verbose publish registryBase https://registry.npmjs.org/
33 silly publish uploading C:\Users\vinithadevi.murugan\AppData\Roaming\npm-cache\greeting_vinitha\1.0.0\package.tgz
34 verbose request uri https://registry.npmjs.org/greeting_vinitha
35 verbose request sending authorization for write operation
36 info attempt registry request try #1 at 11:16:55 AM
37 verbose request using bearer token for auth
38 verbose request id 28ad9fda152c6500
39 http request PUT https://registry.npmjs.org/greeting_vinitha
40 http 403 https://registry.npmjs.org/greeting_vinitha
41 verbose headers { 'content-type': 'application/json',
41 verbose headers   'cache-control': 'max-age=300',
41 verbose headers   'content-length': '95',
41 verbose headers   'accept-ranges': 'bytes',
41 verbose headers   date: 'Mon, 17 Jul 2017 05:45:39 GMT',
41 verbose headers   via: '1.1 varnish',
41 verbose headers   connection: 'keep-alive',
41 verbose headers   'x-served-by': 'cache-sin18022-SIN',
41 verbose headers   'x-cache': 'MISS',
41 verbose headers   'x-cache-hits': '0',
41 verbose headers   'x-timer': 'S1500270340.503034,VS0,VE279',
41 verbose headers   vary: 'Accept-Encoding, Accept' }
42 verbose request invalidating C:\Users\vinithadevi.murugan\AppData\Roaming\npm-cache\registry.npmjs.org\greeting_vinitha on PUT
43 error publish Failed PUT 403
44 verbose stack Error: "You cannot publish over the previously published version 1.0.0." : greeting_vinitha
44 verbose stack     at makeError (C:\Program Files\nodejs\node_modules\npm\node_modules\npm-registry-client\lib\request.js:302:12)
44 verbose stack     at CachingRegistryClient.<anonymous> (C:\Program Files\nodejs\node_modules\npm\node_modules\npm-registry-client\lib\request.js:290:14)
44 verbose stack     at Request._callback (C:\Program Files\nodejs\node_modules\npm\node_modules\npm-registry-client\lib\request.js:210:14)
44 verbose stack     at Request.self.callback (C:\Program Files\nodejs\node_modules\npm\node_modules\request\request.js:187:22)
44 verbose stack     at emitTwo (events.js:106:13)
44 verbose stack     at Request.emit (events.js:191:7)
44 verbose stack     at Request.<anonymous> (C:\Program Files\nodejs\node_modules\npm\node_modules\request\request.js:1048:10)
44 verbose stack     at emitOne (events.js:96:13)
44 verbose stack     at Request.emit (events.js:188:7)
44 verbose stack     at IncomingMessage.<anonymous> (C:\Program Files\nodejs\node_modules\npm\node_modules\request\request.js:969:12)
45 verbose statusCode 403
46 verbose pkgid greeting_vinitha
47 verbose cwd C:\Users\vinithadevi.murugan\greeting_vinitha
48 error Windows_NT 10.0.15063
49 error argv "C:\\Program Files\\nodejs\\node.exe" "C:\\Program Files\\nodejs\\node_modules\\npm\\bin\\npm-cli.js" "publish"
50 error node v6.11.0
51 error npm  v3.10.10
52 error code E403
53 error "You cannot publish over the previously published version 1.0.0." : greeting_vinitha
54 error If you need help, you may report this error at:
54 error     <https://github.com/npm/npm/issues>
55 verbose exit [ 1, true ]
